<?xml version="1.0" encoding="UTF-8"?>
<!-- Generated by org.testng.reporters.JUnitXMLReporter -->
<testsuite hostname="Rishikesh-Kotharis-MacBook-Pro.local" name="Test" tests="1" failures="1" timestamp="5 Feb 2015 13:01:43 GMT" time="0.013" errors="0">
  <testcase name="genericFlow" time="0.0040" classname="functional_test.ImdbTop50Test">
    <failure type="java.lang.NullPointerException">
      <![CDATA[java.lang.NullPointerException
	at testHarness.ImdbTop50.navigateToHomePage(ImdbTop50.java:25)
	at functional_test.ImdbTop50Test.genericFlow(ImdbTop50Test.java:19)
... Removed 24 stack frames]]>
    </failure>
  </testcase> <!-- genericFlow -->
</testsuite> <!-- Test -->
