<?xml version="1.0" encoding="UTF-8"?>
<testng-results skipped="0" failed="0" total="1" passed="1">
  <reporter-output>
  </reporter-output>
  <suite name="Default suite" duration-ms="27044" started-at="2015-02-09T08:39:34Z" finished-at="2015-02-09T08:40:01Z">
    <groups>
    </groups>
    <test name="Default test" duration-ms="27044" started-at="2015-02-09T08:39:34Z" finished-at="2015-02-09T08:40:01Z">
      <class name="functional_test.ImdbTop50Test">
        <test-method status="PASS" signature="genericFlow()[pri:0, instance:functional_test.ImdbTop50Test@3aaa3518]" name="genericFlow" duration-ms="27028" started-at="2015-02-09T14:09:34Z" finished-at="2015-02-09T14:10:01Z">
          <reporter-output>
          </reporter-output>
        </test-method> <!-- genericFlow -->
      </class> <!-- functional_test.ImdbTop50Test -->
    </test> <!-- Default test -->
  </suite> <!-- Default suite -->
</testng-results>
