<?xml version="1.0" encoding="UTF-8"?>
<testng-results skipped="0" failed="0" total="1" passed="1">
  <reporter-output>
  </reporter-output>
  <suite name="Default suite" duration-ms="9436" started-at="2015-02-05T15:57:39Z" finished-at="2015-02-05T15:57:48Z">
    <groups>
    </groups>
    <test name="Default test" duration-ms="9436" started-at="2015-02-05T15:57:39Z" finished-at="2015-02-05T15:57:48Z">
      <class name="functional_test.ImdbTop50Test">
        <test-method status="PASS" signature="genericFlow()[pri:0, instance:functional_test.ImdbTop50Test@7f1e1bbf]" name="genericFlow" duration-ms="9426" started-at="2015-02-05T21:27:39Z" finished-at="2015-02-05T21:27:48Z">
          <reporter-output>
          </reporter-output>
        </test-method> <!-- genericFlow -->
      </class> <!-- functional_test.ImdbTop50Test -->
    </test> <!-- Default test -->
  </suite> <!-- Default suite -->
</testng-results>
