<?xml version="1.0" encoding="UTF-8"?>
<!-- Generated by org.testng.reporters.JUnitReportReporter -->
<testsuite hostname="Rishikesh-Kotharis-MacBook-Pro.local" name="functional_test.ImdbTop50Test" tests="1" failures="1" timestamp="10 Feb 2015 13:30:57 GMT" time="0.004" errors="0">
  <testcase name="getMovieListing" time="0.004" classname="functional_test.ImdbTop50Test">
    <failure type="org.testng.TestNGException" message="
Parameter &#039;browserName&#039; is required by @Configuration on method openBrowser but has not been marked @Optional or defined
in /private/var/folders/_c/xvb6t8bn4qxc7l0gxt3mvdmr0000gp/T/testng-eclipse--1720723947/testng-customsuite.xml">
      <![CDATA[org.testng.TestNGException: 
Parameter 'browserName' is required by @Configuration on method openBrowser but has not been marked @Optional or defined
in /private/var/folders/_c/xvb6t8bn4qxc7l0gxt3mvdmr0000gp/T/testng-eclipse--1720723947/testng-customsuite.xml
	at org.testng.internal.Parameters.createParameters(Parameters.java:155)
	at org.testng.internal.Parameters.createParameters(Parameters.java:358)
	at org.testng.internal.Parameters.createConfigurationParameters(Parameters.java:86)
	at org.testng.internal.Invoker.invokeConfigurations(Invoker.java:199)
	at org.testng.internal.Invoker.invokeConfigurations(Invoker.java:138)
	at org.testng.SuiteRunner.privateRun(SuiteRunner.java:277)
	at org.testng.SuiteRunner.run(SuiteRunner.java:240)
	at org.testng.SuiteRunnerWorker.runSuite(SuiteRunnerWorker.java:52)
	at org.testng.SuiteRunnerWorker.run(SuiteRunnerWorker.java:86)
	at org.testng.TestNG.runSuitesSequentially(TestNG.java:1224)
	at org.testng.TestNG.runSuitesLocally(TestNG.java:1149)
	at org.testng.TestNG.run(TestNG.java:1057)
	at org.testng.remote.RemoteTestNG.run(RemoteTestNG.java:111)
	at org.testng.remote.RemoteTestNG.initAndRun(RemoteTestNG.java:204)
	at org.testng.remote.RemoteTestNG.main(RemoteTestNG.java:175)
]]>
    </failure>
  </testcase> <!-- getMovieListing -->
</testsuite> <!-- functional_test.ImdbTop50Test -->
